<?xml version="1.0" encoding="UTF-8"?>
<Site BuildName="(empty)"
	BuildStamp="20240611-0512-Experimental"
	Name="Cassis-Orange"
	Generator="ctest-3.16.3"
	CompilerName="/usr/bin/c++"
	CompilerVersion="9.4.0"
	OSName="Linux"
	Hostname="Cassis-Orange"
	OSRelease="5.15.0-107-generic"
	OSVersion="#117~20.04.1-Ubuntu SMP Tue Apr 30 10:35:57 UTC 2024"
	OSPlatform="x86_64"
	Is64Bits="1"
	VendorString="GenuineIntel"
	VendorID="Intel Corporation"
	FamilyID="6"
	ModelID="151"
	ProcessorCacheSize="25600"
	NumberOfLogicalCPU="20"
	NumberOfPhysicalCPU="12"
	TotalVirtualMemory="2047"
	TotalPhysicalMemory="15710"
	LogicalProcessorsPerPhysical="1"
	ProcessorClockFrequency="3517.6"
	>
	<Testing>
		<StartDateTime>Jun 11 14:12 JST</StartDateTime>
		<StartTestTime>1718082760</StartTestTime>
		<TestList/>
		<EndDateTime>Jun 11 14:12 JST</EndDateTime>
		<EndTestTime>1718082760</EndTestTime>
		<ElapsedMinutes>0</ElapsedMinutes>
	</Testing>
</Site>
