<?xml version="1.0" encoding="UTF-8"?>
<Site BuildName="(empty)"
	BuildStamp="20240530-2244-Experimental"
	Name="Cassis-Orange"
	Generator="ctest-3.16.3"
	CompilerName="/usr/bin/c++"
	CompilerVersion="9.4.0"
	OSName="Linux"
	Hostname="Cassis-Orange"
	OSRelease="5.15.0-107-generic"
	OSVersion="#117~20.04.1-Ubuntu SMP Tue Apr 30 10:35:57 UTC 2024"
	OSPlatform="x86_64"
	Is64Bits="1"
	VendorString="GenuineIntel"
	VendorID="Intel Corporation"
	FamilyID="6"
	ModelID="151"
	ProcessorCacheSize="25600"
	NumberOfLogicalCPU="20"
	NumberOfPhysicalCPU="12"
	TotalVirtualMemory="2047"
	TotalPhysicalMemory="15710"
	LogicalProcessorsPerPhysical="1"
	ProcessorClockFrequency="3450.95"
	>
	<Testing>
		<StartDateTime>May 31 07:44 JST</StartDateTime>
		<StartTestTime>1717109097</StartTestTime>
		<TestList/>
		<EndDateTime>May 31 07:44 JST</EndDateTime>
		<EndTestTime>1717109097</EndTestTime>
		<ElapsedMinutes>0</ElapsedMinutes>
	</Testing>
</Site>
