<?xml version="1.0" encoding="UTF-8"?>
<Site BuildName="(empty)"
	BuildStamp="20240610-0538-Experimental"
	Name="Cassis-Orange"
	Generator="ctest-3.16.3"
	CompilerName="/usr/bin/c++"
	CompilerVersion="9.4.0"
	OSName="Linux"
	Hostname="Cassis-Orange"
	OSRelease="5.15.0-107-generic"
	OSVersion="#117~20.04.1-Ubuntu SMP Tue Apr 30 10:35:57 UTC 2024"
	OSPlatform="x86_64"
	Is64Bits="1"
	VendorString="GenuineIntel"
	VendorID="Intel Corporation"
	FamilyID="6"
	ModelID="151"
	ProcessorCacheSize="25600"
	NumberOfLogicalCPU="20"
	NumberOfPhysicalCPU="12"
	TotalVirtualMemory="2047"
	TotalPhysicalMemory="15710"
	LogicalProcessorsPerPhysical="1"
	ProcessorClockFrequency="3588.95"
	>
	<Testing>
		<StartDateTime>Jun 10 14:38 JST</StartDateTime>
		<StartTestTime>1717997910</StartTestTime>
		<TestList/>
		<EndDateTime>Jun 10 14:38 JST</EndDateTime>
		<EndTestTime>1717997910</EndTestTime>
		<ElapsedMinutes>0</ElapsedMinutes>
	</Testing>
</Site>
